[2025-10-29 17:45:45] [INFO] Control Panel started
[2025-10-29 17:45:55] [INFO] Running health check...
[2025-10-29 17:45:57] [INFO] Running health check...
[2025-10-29 17:45:58] [INFO] 
--- Diagnostic Results ---
[2025-10-29 17:45:58] [INFO]   ✅ Python 3.14.0 installed
[2025-10-29 17:45:58] [INFO]   ✅ Ollama installed (ollama version is 0.12.6)
[2025-10-29 17:45:58] [INFO]   ✅ Ollama service running on port 11434
[2025-10-29 17:45:58] [INFO]   ✅ Llama model available
[2025-10-29 17:45:58] [INFO]   ⚠️ Missing packages: chromadb, pypdf2
[2025-10-29 17:45:58] [INFO]   ⚠️ ChromaDB database not found. Run indexing first.
[2025-10-29 17:45:58] [INFO]   ✅ Obsidian vault found (2 documents)
[2025-10-29 17:45:58] [INFO]   ⚠️ RAG API not running on port 5000
[2025-10-29 17:45:58] [INFO]   ✅ File permissions OK
[2025-10-29 17:45:58] [INFO] 
❌ Multiple issues found (6/9)
[2025-10-29 17:45:59] [INFO] 
--- Diagnostic Results ---
[2025-10-29 17:45:59] [INFO]   ✅ Python 3.14.0 installed
[2025-10-29 17:45:59] [INFO]   ✅ Ollama installed (ollama version is 0.12.6)
[2025-10-29 17:45:59] [INFO]   ✅ Ollama service running on port 11434
[2025-10-29 17:45:59] [INFO]   ✅ Llama model available
[2025-10-29 17:45:59] [INFO]   ⚠️ Missing packages: chromadb, pypdf2
[2025-10-29 17:45:59] [INFO]   ⚠️ ChromaDB database not found. Run indexing first.
[2025-10-29 17:45:59] [INFO]   ✅ Obsidian vault found (2 documents)
[2025-10-29 17:45:59] [INFO]   ⚠️ RAG API not running on port 5000
[2025-10-29 17:45:59] [INFO]   ✅ File permissions OK
[2025-10-29 17:45:59] [INFO] 
❌ Multiple issues found (6/9)
[2025-10-29 17:46:33] [INFO] Starting API server...
[2025-10-29 17:46:36] [WARNING] API server may have failed to start
[2025-10-29 17:46:36] [INFO] Stopping API server...
[2025-10-29 17:46:36] [INFO] API server stopped
[2025-10-29 17:47:28] [INFO] Starting document indexing...
[2025-10-29 17:47:28] [INDEX] Could not find platform independent libraries <prefix>
[2025-10-29 17:47:28] [INDEX] Traceback (most recent call last):
[2025-10-29 17:47:28] [INDEX] File "C:\Users\Julian Poopat\Documents\Management Class\RAG_System\index_documents.py", line 9, in <module>
[2025-10-29 17:47:28] [INDEX] import chromadb
[2025-10-29 17:47:28] [INDEX] ModuleNotFoundError: No module named 'chromadb'
[2025-10-29 17:47:28] [ERROR] Indexing failed with code 1
[2025-10-29 17:50:11] [INFO] Logs cleared
[2025-10-29 18:20:53] [INFO] Control Panel started
[2025-10-29 18:20:59] [INFO] Auto-starting API server...
[2025-10-29 18:20:59] [INFO] Starting API server...
[2025-10-29 18:21:02] [WARNING] API server may have failed to start
[2025-10-29 18:22:43] [INFO] Starting document indexing...
[2025-10-29 18:22:46] [INDEX] Traceback (most recent call last):
[2025-10-29 18:22:46] [INDEX] File "C:\Users\Julian Poopat\Documents\Management Class\RAG_System\index_documents.py", line 44, in <module>
[2025-10-29 18:22:46] [INDEX] embedder = embedding_functions.OllamaEmbeddingFunction(
[2025-10-29 18:22:46] [INDEX] ^^^^^^^^^^^^^^^^^^^^^^^^^^^^^^^^^^^^^^^^^^^^
[2025-10-29 18:22:46] [INDEX] TypeError: OllamaEmbeddingFunction.__init__() got an unexpected keyword argument 'ollama_host'
[2025-10-29 18:22:46] [INDEX] 
[2025-10-29 18:22:46] [INDEX] During handling of the above exception, another exception occurred:
[2025-10-29 18:22:46] [INDEX] 
[2025-10-29 18:22:46] [INDEX] Traceback (most recent call last):
[2025-10-29 18:22:46] [INDEX] File "C:\Users\Julian Poopat\Documents\Management Class\RAG_System\index_documents.py", line 52, in <module>
[2025-10-29 18:22:46] [INDEX] print("\u26a0\ufe0f  Using default embeddings (Ollama embedding not available)")
[2025-10-29 18:22:46] [INDEX] File "C:\Users\Julian Poopat\AppData\Local\Programs\Python\Python312\Lib\encodings\cp1252.py", line 19, in encode
[2025-10-29 18:22:46] [INDEX] return codecs.charmap_encode(input,self.errors,encoding_table)[0]
[2025-10-29 18:22:46] [INDEX] ^^^^^^^^^^^^^^^^^^^^^^^^^^^^^^^^^^^^^^^^^^^^^^^^^^^^^^^
[2025-10-29 18:22:46] [INDEX] UnicodeEncodeError: 'charmap' codec can't encode characters in position 0-1: character maps to <undefined>
[2025-10-29 18:22:46] [INDEX] 
[2025-10-29 18:22:46] [INDEX] During handling of the above exception, another exception occurred:
[2025-10-29 18:22:46] [INDEX] 
[2025-10-29 18:22:46] [INDEX] Traceback (most recent call last):
[2025-10-29 18:22:46] [INDEX] File "C:\Users\Julian Poopat\Documents\Management Class\RAG_System\index_documents.py", line 54, in <module>
[2025-10-29 18:22:46] [INDEX] print(f"\u26a0\ufe0f  Using default embeddings: {e}")
[2025-10-29 18:22:46] [INDEX] File "C:\Users\Julian Poopat\AppData\Local\Programs\Python\Python312\Lib\encodings\cp1252.py", line 19, in encode
[2025-10-29 18:22:46] [INDEX] return codecs.charmap_encode(input,self.errors,encoding_table)[0]
[2025-10-29 18:22:46] [INDEX] ^^^^^^^^^^^^^^^^^^^^^^^^^^^^^^^^^^^^^^^^^^^^^^^^^^^^^^^
[2025-10-29 18:22:46] [INDEX] UnicodeEncodeError: 'charmap' codec can't encode characters in position 0-1: character maps to <undefined>
[2025-10-29 18:22:48] [ERROR] Indexing failed with code 1
[2025-10-29 18:22:53] [INFO] Running health check...
[2025-10-29 18:22:57] [INFO] 
--- Diagnostic Results ---
[2025-10-29 18:22:57] [INFO]   ✅ Python 3.12.6 installed
[2025-10-29 18:22:57] [INFO]   ✅ Ollama installed (ollama version is 0.12.6)
[2025-10-29 18:22:57] [INFO]   ✅ Ollama service running on port 11434
[2025-10-29 18:22:57] [INFO]   ✅ Llama model available
[2025-10-29 18:22:57] [INFO]   ⚠️ Missing packages: flask-cors, pypdf2
[2025-10-29 18:22:57] [INFO]   ✅ ChromaDB database accessible (1 collections)
[2025-10-29 18:22:57] [INFO]   ✅ Obsidian vault found (2 documents)
[2025-10-29 18:22:57] [INFO]   ⚠️ RAG API not running on port 5000
[2025-10-29 18:22:57] [INFO]   ✅ File permissions OK
[2025-10-29 18:22:57] [INFO] 
⚠️ Most checks passed (7/9)
[2025-10-29 18:33:19] [INFO] Control Panel started
[2025-10-29 18:33:25] [INFO] Auto-starting API server...
[2025-10-29 18:33:25] [INFO] Starting API server...
[2025-10-29 18:33:28] [WARNING] API server may have failed to start
[2025-10-29 18:34:18] [INFO] Running health check...
[2025-10-29 18:34:21] [INFO] 
--- Diagnostic Results ---
[2025-10-29 18:34:21] [INFO]   ✅ Python 3.12.6 installed
[2025-10-29 18:34:21] [INFO]   ✅ Ollama installed (ollama version is 0.12.6)
[2025-10-29 18:34:21] [INFO]   ✅ Ollama service running on port 11434
[2025-10-29 18:34:21] [INFO]   ✅ Llama model available
[2025-10-29 18:34:21] [INFO]   ⚠️ Missing packages: flask-cors, pypdf2
[2025-10-29 18:34:21] [INFO]   ✅ ChromaDB database accessible (1 collections)
[2025-10-29 18:34:21] [INFO]   ✅ Obsidian vault found (2 documents)
[2025-10-29 18:34:21] [INFO]   ⚠️ RAG API not running on port 5000
[2025-10-29 18:34:21] [INFO]   ✅ File permissions OK
[2025-10-29 18:34:21] [INFO] 
⚠️ Most checks passed (7/9)
[2025-10-29 18:34:42] [INFO] Starting document indexing...
[2025-10-29 18:34:43] [INDEX] Traceback (most recent call last):
[2025-10-29 18:34:43] [INDEX] File "C:\Users\Julian Poopat\Documents\Management Class\RAG_System\index_documents.py", line 44, in <module>
[2025-10-29 18:34:43] [INDEX] embedder = embedding_functions.OllamaEmbeddingFunction(
[2025-10-29 18:34:43] [INDEX] ^^^^^^^^^^^^^^^^^^^^^^^^^^^^^^^^^^^^^^^^^^^^
[2025-10-29 18:34:43] [INDEX] TypeError: OllamaEmbeddingFunction.__init__() got an unexpected keyword argument 'ollama_host'
[2025-10-29 18:34:43] [INDEX] 
[2025-10-29 18:34:43] [INDEX] During handling of the above exception, another exception occurred:
[2025-10-29 18:34:43] [INDEX] 
[2025-10-29 18:34:43] [INDEX] Traceback (most recent call last):
[2025-10-29 18:34:43] [INDEX] File "C:\Users\Julian Poopat\Documents\Management Class\RAG_System\index_documents.py", line 52, in <module>
[2025-10-29 18:34:43] [INDEX] print("\u26a0\ufe0f  Using default embeddings (Ollama embedding not available)")
[2025-10-29 18:34:43] [INDEX] File "C:\Users\Julian Poopat\AppData\Local\Programs\Python\Python312\Lib\encodings\cp1252.py", line 19, in encode
[2025-10-29 18:34:43] [INDEX] return codecs.charmap_encode(input,self.errors,encoding_table)[0]
[2025-10-29 18:34:43] [INDEX] ^^^^^^^^^^^^^^^^^^^^^^^^^^^^^^^^^^^^^^^^^^^^^^^^^^^^^^^
[2025-10-29 18:34:43] [INDEX] UnicodeEncodeError: 'charmap' codec can't encode characters in position 0-1: character maps to <undefined>
[2025-10-29 18:34:43] [INDEX] 
[2025-10-29 18:34:43] [INDEX] During handling of the above exception, another exception occurred:
[2025-10-29 18:34:43] [INDEX] 
[2025-10-29 18:34:43] [INDEX] Traceback (most recent call last):
[2025-10-29 18:34:43] [INDEX] File "C:\Users\Julian Poopat\Documents\Management Class\RAG_System\index_documents.py", line 54, in <module>
[2025-10-29 18:34:43] [INDEX] print(f"\u26a0\ufe0f  Using default embeddings: {e}")
[2025-10-29 18:34:43] [INDEX] File "C:\Users\Julian Poopat\AppData\Local\Programs\Python\Python312\Lib\encodings\cp1252.py", line 19, in encode
[2025-10-29 18:34:43] [INDEX] return codecs.charmap_encode(input,self.errors,encoding_table)[0]
[2025-10-29 18:34:43] [INDEX] ^^^^^^^^^^^^^^^^^^^^^^^^^^^^^^^^^^^^^^^^^^^^^^^^^^^^^^^
[2025-10-29 18:34:43] [INDEX] UnicodeEncodeError: 'charmap' codec can't encode characters in position 0-1: character maps to <undefined>
[2025-10-29 18:34:45] [ERROR] Indexing failed with code 1
[2025-10-29 18:37:59] [INFO] Stopping API server...
[2025-10-29 18:37:59] [INFO] API server stopped
[2025-10-29 18:51:15] [INFO] Control Panel started
[2025-10-29 18:51:22] [INFO] Auto-starting API server...
[2025-10-29 18:51:22] [INFO] Starting API server...
[2025-10-29 18:51:25] [WARNING] API server may have failed to start
[2025-10-29 18:52:04] [INFO] Starting API server...
[2025-10-29 18:52:07] [WARNING] API server may have failed to start
[2025-10-29 18:52:16] [INFO] Running health check...
[2025-10-29 18:52:19] [INFO] 
--- Diagnostic Results ---
[2025-10-29 18:52:19] [INFO]   ✅ Python 3.12.6 installed
[2025-10-29 18:52:19] [INFO]   ✅ Ollama installed (ollama version is 0.12.6)
[2025-10-29 18:52:19] [INFO]   ✅ Ollama service running on port 11434
[2025-10-29 18:52:19] [INFO]   ✅ Llama model available
[2025-10-29 18:52:19] [INFO]   ⚠️ Missing packages: pypdf2
[2025-10-29 18:52:19] [INFO]   ✅ ChromaDB database accessible (1 collections)
[2025-10-29 18:52:19] [INFO]   ✅ Obsidian vault found (2 documents)
[2025-10-29 18:52:19] [INFO]   ⚠️ RAG API not running on port 5000
[2025-10-29 18:52:19] [INFO]   ✅ File permissions OK
[2025-10-29 18:52:19] [INFO] 
⚠️ Most checks passed (7/9)
[2025-10-29 18:52:35] [INFO] Starting API server...
[2025-10-29 18:52:38] [WARNING] API server may have failed to start
[2025-10-29 18:53:10] [INFO] Stopping API server...
[2025-10-29 18:53:10] [INFO] API server stopped
[2025-10-29 18:53:24] [INFO] Running health check...
[2025-10-29 18:53:27] [INFO] 
--- Diagnostic Results ---
[2025-10-29 18:53:27] [INFO]   ✅ Python 3.12.6 installed
[2025-10-29 18:53:27] [INFO]   ✅ Ollama installed (ollama version is 0.12.6)
[2025-10-29 18:53:27] [INFO]   ✅ Ollama service running on port 11434
[2025-10-29 18:53:27] [INFO]   ✅ Llama model available
[2025-10-29 18:53:27] [INFO]   ⚠️ Missing packages: pypdf2
[2025-10-29 18:53:27] [INFO]   ✅ ChromaDB database accessible (1 collections)
[2025-10-29 18:53:27] [INFO]   ✅ Obsidian vault found (2 documents)
[2025-10-29 18:53:27] [INFO]   ⚠️ RAG API not running on port 5000
[2025-10-29 18:53:27] [INFO]   ✅ File permissions OK
[2025-10-29 18:53:27] [INFO] 
⚠️ Most checks passed (7/9)
[2025-10-29 18:53:35] [INFO] Starting API server...
[2025-10-29 18:53:38] [WARNING] API server may have failed to start
[2025-10-29 18:58:36] [INFO] Stopping API server...
[2025-10-29 18:58:36] [INFO] API server stopped
[2025-10-29 18:58:49] [INFO] Control Panel started
[2025-10-29 18:58:56] [INFO] Auto-starting API server...
[2025-10-29 18:58:56] [INFO] Starting API server...
[2025-10-29 18:58:56] [INFO] API process started (PID: 18424)
[2025-10-29 18:58:59] [INFO] API server started successfully!
[2025-10-29 18:59:16] [INFO] Running health check...
[2025-10-29 18:59:18] [INFO] 
--- Diagnostic Results ---
[2025-10-29 18:59:18] [INFO]   ✅ Python 3.12.6 installed
[2025-10-29 18:59:18] [INFO]   ✅ Ollama installed (ollama version is 0.12.6)
[2025-10-29 18:59:18] [INFO]   ✅ Ollama service running on port 11434
[2025-10-29 18:59:18] [INFO]   ✅ Llama model available
[2025-10-29 18:59:18] [INFO]   ⚠️ Missing packages: pypdf2
[2025-10-29 18:59:18] [INFO]   ✅ ChromaDB database accessible (1 collections)
[2025-10-29 18:59:18] [INFO]   ✅ Obsidian vault found (2 documents)
[2025-10-29 18:59:18] [INFO]   ✅ RAG API running on port 5000
[2025-10-29 18:59:18] [INFO]   ✅ File permissions OK
[2025-10-29 18:59:18] [INFO] 
⚠️ Most checks passed (8/9)
[2025-10-29 19:01:53] [INFO] Stopping API server...
[2025-10-29 19:01:54] [INFO] API server stopped
[2025-10-29 19:02:05] [INFO] Starting API server...
[2025-10-29 19:02:05] [INFO] API process started (PID: 37228)
[2025-10-29 19:02:08] [INFO] API server started successfully!
[2025-10-29 19:02:21] [INFO] Running health check...
[2025-10-29 19:02:22] [INFO] 
--- Diagnostic Results ---
[2025-10-29 19:02:22] [INFO]   ✅ Python 3.12.6 installed
[2025-10-29 19:02:22] [INFO]   ✅ Ollama installed (ollama version is 0.12.6)
[2025-10-29 19:02:22] [INFO]   ✅ Ollama service running on port 11434
[2025-10-29 19:02:22] [INFO]   ✅ Llama model available
[2025-10-29 19:02:22] [INFO]   ⚠️ Missing packages: pypdf2
[2025-10-29 19:02:22] [INFO]   ✅ ChromaDB database accessible (1 collections)
[2025-10-29 19:02:22] [INFO]   ✅ Obsidian vault found (2 documents)
[2025-10-29 19:02:22] [INFO]   ✅ RAG API running on port 5000
[2025-10-29 19:02:22] [INFO]   ✅ File permissions OK
[2025-10-29 19:02:22] [INFO] 
⚠️ Most checks passed (8/9)
[2025-10-29 21:30:23] [INFO] Stopping API server...
[2025-10-29 21:30:23] [INFO] API server stopped
[2025-10-30 02:21:15] [GPU] GPU: Not detected (pynvml not installed)
[2025-10-30 02:26:26] [GPU] GPU: Not detected (pynvml not installed)
[2025-10-30 02:26:26] [INFO] Control Panel started
[2025-10-30 02:26:32] [INFO] Starting API server...
[2025-10-30 02:26:32] [INFO] API process started (PID: 2476)
[2025-10-30 02:26:36] [WARNING] API process started but not responding
[2025-10-30 02:26:58] [INFO] Starting document indexing...
[2025-10-30 02:26:58] [ERROR] Indexing error: Traceback (most recent call last):
  File "C:\Users\Julian Poopat\Documents\Management Class\RAG_System\modules\academic_rag\index_documents.py", line 10, in <module>
    import chromadb
ModuleNotFoundError: No module named 'chromadb'

[2025-10-30 02:27:17] [INFO] Starting API server...
[2025-10-30 02:27:17] [INFO] API process started (PID: 5496)
[2025-10-30 02:27:21] [WARNING] API process started but not responding
[2025-10-30 02:28:08] [SYSTEM] Control Panel restart requested by user
[2025-10-30 02:28:14] [SYSTEM] Stopping all modules...
[2025-10-30 02:28:14] [SYSTEM] Control Panel restarted by user
[2025-10-30 02:28:48] [INFO] Stopping API server...
[2025-10-30 02:28:48] [INFO] API server stopped
[2025-10-30 02:28:58] [INFO] Initiating graceful shutdown...
